  Compiling CUDA source file main.cu...
  
  E:\GIT\CUDAExamples\CudaExamples>"C:\Program Files\NVIDIA GPU Computing Toolkit\CUDA\v11.8\bin\nvcc.exe" -gencode=arch=compute_52,code=\"sm_52,compute_52\" --use-local-env -ccbin "C:\Program Files\Microsoft Visual Studio\2022\Community\VC\Tools\MSVC\14.34.31933\bin\HostX64\x64" -x cu   -I"C:\Program Files\NVIDIA GPU Computing Toolkit\CUDA\v11.8\include" -I"C:\Program Files\NVIDIA GPU Computing Toolkit\CUDA\v11.8\include"  -G   --keep-dir x64\Debug  -maxrregcount=0  --machine 64 --compile -cudart static  -g  -DWIN32 -DWIN64 -D_DEBUG -D_CONSOLE -D_MBCS -Xcompiler "/EHsc /W3 /nologo /Od /Fdx64\Debug\vc143.pdb /FS /Zi /RTC1 /MDd " -o E:\GIT\CUDAExamples\CudaExamples\x64\Debug\main.cu.obj "E:\GIT\CUDAExamples\CudaExamples\main.cu" 
E:\GIT\CUDAExamples\CudaExamples\schoolbook/samples_1.h(398): warning #181-D: argument is incompatible with corresponding format string conversion
  
E:\GIT\CUDAExamples\CudaExamples\schoolbook/samples_1.h(398): warning #225-D: the format string ends before this argument
  
E:\GIT\CUDAExamples\CudaExamples\schoolbook/samples_1.h(607): warning #550-D: variable "maxDevice" was set but never used
  
  main.cu
E:\GIT\CUDAExamples\CudaExamples\schoolbook/samples_1.h(557): warning C4477: 'printf' : format string '%lu' requires an argument of type 'unsigned long', but variadic argument 1 has type 'size_t'
  E:\GIT\CUDAExamples\CudaExamples\schoolbook/samples_1.h(557): note: consider using '%zu' in the format string
E:\GIT\CUDAExamples\CudaExamples\schoolbook/samples_1.h(561): warning C4477: 'printf' : format string '%lu' requires an argument of type 'unsigned long', but variadic argument 1 has type 'size_t'
  E:\GIT\CUDAExamples\CudaExamples\schoolbook/samples_1.h(561): note: consider using '%zu' in the format string
E:\GIT\CUDAExamples\CudaExamples\schoolbook/samples_1.h(591): warning C4477: 'printf' : format string '%lu' requires an argument of type 'unsigned long', but variadic argument 1 has type 'size_t'
  E:\GIT\CUDAExamples\CudaExamples\schoolbook/samples_1.h(591): note: consider using '%zu' in the format string
E:\GIT\CUDAExamples\CudaExamples\schoolbook/samples_1.h(737): warning C4244: '=': conversion from 'double' to 'size_t', possible loss of data
E:\GIT\CUDAExamples\CudaExamples\schoolbook/samples_1.h(740): warning C4244: '=': conversion from 'double' to 'size_t', possible loss of data
E:\GIT\CUDAExamples\CudaExamples\schoolbook/samples_1.h(741): warning C4477: 'printf' : format string '%d' requires an argument of type 'int', but variadic argument 3 has type 'size_t'
  E:\GIT\CUDAExamples\CudaExamples\schoolbook/samples_1.h(741): note: consider using '%zd' in the format string
E:\GIT\CUDAExamples\CudaExamples\schoolbook/samples_1.h(744): warning C4244: '=': conversion from 'double' to 'size_t', possible loss of data
E:\GIT\CUDAExamples\CudaExamples\schoolbook/samples_1.h(747): warning C4244: '=': conversion from 'double' to 'size_t', possible loss of data
E:\GIT\CUDAExamples\CudaExamples\schoolbook/samples_1.h(748): warning C4477: 'printf' : format string '%d' requires an argument of type 'int', but variadic argument 3 has type 'size_t'
  E:\GIT\CUDAExamples\CudaExamples\schoolbook/samples_1.h(748): note: consider using '%zd' in the format string
E:\GIT\CUDAExamples\CudaExamples\schoolbook/samples_1.h(751): warning C4244: '=': conversion from 'double' to 'size_t', possible loss of data
E:\GIT\CUDAExamples\CudaExamples\schoolbook/samples_1.h(754): warning C4244: '=': conversion from 'double' to 'size_t', possible loss of data
E:\GIT\CUDAExamples\CudaExamples\schoolbook/samples_1.h(755): warning C4477: 'printf' : format string '%d' requires an argument of type 'int', but variadic argument 3 has type 'size_t'
  E:\GIT\CUDAExamples\CudaExamples\schoolbook/samples_1.h(755): note: consider using '%zd' in the format string
E:\GIT\CUDAExamples\CudaExamples\schoolbook/samples_1.h(758): warning C4244: '=': conversion from 'double' to 'size_t', possible loss of data
E:\GIT\CUDAExamples\CudaExamples\schoolbook/samples_1.h(761): warning C4244: '=': conversion from 'double' to 'size_t', possible loss of data
E:\GIT\CUDAExamples\CudaExamples\schoolbook/samples_1.h(762): warning C4477: 'printf' : format string '%d' requires an argument of type 'int', but variadic argument 3 has type 'size_t'
  E:\GIT\CUDAExamples\CudaExamples\schoolbook/samples_1.h(762): note: consider using '%zd' in the format string
E:\GIT\CUDAExamples\CudaExamples\schoolbook/samples_1.h(765): warning C4244: '=': conversion from 'double' to 'size_t', possible loss of data
E:\GIT\CUDAExamples\CudaExamples\schoolbook/samples_1.h(768): warning C4244: '=': conversion from 'double' to 'size_t', possible loss of data
E:\GIT\CUDAExamples\CudaExamples\schoolbook/samples_1.h(769): warning C4477: 'printf' : format string '%d' requires an argument of type 'int', but variadic argument 3 has type 'size_t'
  E:\GIT\CUDAExamples\CudaExamples\schoolbook/samples_1.h(769): note: consider using '%zd' in the format string
E:\GIT\CUDAExamples\CudaExamples\schoolbook/samples_1.h(1242): warning C4018: '<': signed/unsigned mismatch
E:\GIT\CUDAExamples\CudaExamples\schoolbook/samples_1.h(1257): warning C4018: '<': signed/unsigned mismatch
E:\GIT\CUDAExamples\CudaExamples\schoolbook/samples_1.h(1272): warning C4018: '<': signed/unsigned mismatch
E:\GIT\CUDAExamples\CudaExamples\schoolbook/samples_1.h(1287): warning C4018: '<': signed/unsigned mismatch
E:\GIT\CUDAExamples\CudaExamples\schoolbook/samples_1.h(1300): warning C4018: '<': signed/unsigned mismatch
E:\GIT\CUDAExamples\CudaExamples\schoolbook/samples_1.h(1315): warning C4018: '<': signed/unsigned mismatch
E:\GIT\CUDAExamples\CudaExamples\schoolbook/samples_1.h(1319): warning C4018: '<': signed/unsigned mismatch
E:\GIT\CUDAExamples\CudaExamples\schoolbook/samples_1.h(1332): warning C4018: '<': signed/unsigned mismatch
E:\GIT\CUDAExamples\CudaExamples\schoolbook/samples_1.h(1347): warning C4018: '<': signed/unsigned mismatch
E:\GIT\CUDAExamples\CudaExamples\schoolbook/samples_1.h(1379): warning C4018: '<': signed/unsigned mismatch
  CudaExamples.vcxproj -> E:\GIT\CUDAExamples\x64\Debug\CudaExamples.exe
